c:\users\richard\desktop\workspace\mainwindow\mainwindow\x64\release\search_w.obj
c:\users\richard\desktop\workspace\mainwindow\mainwindow\x64\release\picshow.obj
c:\users\richard\desktop\workspace\mainwindow\mainwindow\x64\release\moc_picshow.obj
c:\users\richard\desktop\workspace\mainwindow\mainwindow\x64\release\moc_correction.obj
c:\users\richard\desktop\workspace\mainwindow\mainwindow\x64\release\correction.obj
i:\workspace\mainwindow\mainwindow\x64\release\picshow.obj
i:\workspace\mainwindow\mainwindow\x64\release\network_pannel.obj
i:\workspace\mainwindow\mainwindow\x64\release\moc_picshow.obj
i:\workspace\mainwindow\mainwindow\x64\release\moc_correction.obj
i:\workspace\mainwindow\mainwindow\x64\release\correction.obj
c:\test\mainwindown\mainwindow\mainwindow\x64\release\network_pannel.obj
c:\test\mainwindown\mainwindow\mainwindow\x64\release\mysql_pannel.obj
c:\test\mainwindown\mainwindow\mainwindow\x64\release\mysql_con.obj
c:\test\mainwindown\mainwindow\mainwindow\x64\release\mainwindow.obj
c:\test\mainwindown\mainwindow\mainwindow\x64\release\main.obj
c:\test\mainwindown\mainwindow\mainwindow\x64\release\interactobject.obj
c:\test\mainwindown\mainwindow\mainwindow\x64\release\moc_search_w.obj
c:\test\mainwindown\mainwindow\mainwindow\x64\release\moc_result_window.obj
c:\test\mainwindown\mainwindow\mainwindow\x64\release\moc_picshow.obj
c:\test\mainwindown\mainwindow\mainwindow\x64\release\moc_network_pannel.obj
c:\test\mainwindown\mainwindow\mainwindow\x64\release\moc_mysql_pannel.obj
c:\test\mainwindown\mainwindow\mainwindow\x64\release\moc_mysql_con.obj
c:\test\mainwindown\mainwindow\mainwindow\x64\release\moc_mainwindow.obj
c:\test\mainwindown\mainwindow\mainwindow\x64\release\moc_interactobject.obj
c:\test\mainwindown\mainwindow\mainwindow\x64\release\moc_correction.obj
c:\test\mainwindown\mainwindow\mainwindow\x64\release\moc_con2thread.obj
c:\test\mainwindown\mainwindow\mainwindow\x64\release\moc_client.obj
c:\test\mainwindown\mainwindow\mainwindow\x64\release\correction.obj
c:\test\mainwindown\mainwindow\mainwindow\x64\release\con2thread.obj
c:\test\mainwindown\mainwindow\mainwindow\x64\release\client.obj
c:\test\mainwindown\mainwindow\mainwindow\x64\release\search_w.obj
c:\test\mainwindown\mainwindow\mainwindow\x64\release\result_window.obj
c:\test\mainwindown\mainwindow\mainwindow\x64\release\picshow.obj
c:\users\richard\desktop\workspace\mainwindow\mainwindow\generatedfiles\release\moc_mainwindow.cpp
c:\users\richard\desktop\workspace\mainwindow\mainwindow\release\moc_predefs.h
c:\users\richard\desktop\workspace\mainwindow\mainwindow\generatedfiles\release\moc_interactobject.cpp
c:\users\richard\desktop\workspace\mainwindow\mainwindow\generatedfiles\release\moc_correction.cpp
c:\users\richard\desktop\workspace\mainwindow\mainwindow\generatedfiles\release\moc_picshow.cpp
c:\users\richard\desktop\workspace\mainwindow\mainwindow\generatedfiles\release\moc_mysql_con.cpp
c:\users\richard\desktop\workspace\mainwindow\mainwindow\generatedfiles\release\moc_mysql_pannel.cpp
i:\workspace\mainwindow\mainwindow\generatedfiles\release\moc_mainwindow.cpp
i:\workspace\mainwindow\mainwindow\release\moc_predefs.h
i:\workspace\mainwindow\mainwindow\generatedfiles\release\moc_interactobject.cpp
i:\workspace\mainwindow\mainwindow\generatedfiles\release\moc_correction.cpp
i:\workspace\mainwindow\mainwindow\generatedfiles\release\moc_picshow.cpp
i:\workspace\mainwindow\mainwindow\generatedfiles\release\moc_mysql_con.cpp
i:\workspace\mainwindow\mainwindow\generatedfiles\release\moc_mysql_pannel.cpp
i:\workspace\mainwindow\mainwindow\generatedfiles\release\moc_search_w.cpp
c:\test\mainwindown\mainwindow\mainwindow\generatedfiles\release\moc_mainwindow.cpp
c:\test\mainwindown\mainwindow\mainwindow\release\moc_predefs.h
c:\test\mainwindown\mainwindow\mainwindow\generatedfiles\release\moc_interactobject.cpp
c:\test\mainwindown\mainwindow\mainwindow\generatedfiles\release\moc_correction.cpp
c:\test\mainwindown\mainwindow\mainwindow\generatedfiles\release\moc_picshow.cpp
c:\test\mainwindown\mainwindow\mainwindow\generatedfiles\release\moc_mysql_con.cpp
c:\test\mainwindown\mainwindow\mainwindow\generatedfiles\release\moc_mysql_pannel.cpp
c:\test\mainwindown\mainwindow\mainwindow\generatedfiles\release\moc_search_w.cpp
c:\test\mainwindown\mainwindow\mainwindow\generatedfiles\release\moc_network_pannel.cpp
c:\test\mainwindown\mainwindow\mainwindow\generatedfiles\release\moc_client.cpp
c:\test\mainwindown\mainwindow\mainwindow\generatedfiles\release\moc_con2thread.cpp
c:\test\mainwindown\mainwindow\mainwindow\generatedfiles\release\moc_result_window.cpp
d:\test\mainwindow2r\x64\release\client.obj
d:\test\mainwindow2r\x64\release\con2thread.obj
d:\test\mainwindow2r\x64\release\correction.obj
d:\test\mainwindow2r\x64\release\interactobject.obj
d:\test\mainwindow2r\x64\release\main.obj
d:\test\mainwindow2r\x64\release\mainwindow.obj
d:\test\mainwindow2r\x64\release\moc_client.obj
d:\test\mainwindow2r\x64\release\moc_con2thread.obj
d:\test\mainwindow2r\x64\release\moc_correction.obj
d:\test\mainwindow2r\x64\release\moc_interactobject.obj
d:\test\mainwindow2r\x64\release\moc_mainwindow.obj
d:\test\mainwindow2r\x64\release\moc_mysql_con.obj
d:\test\mainwindow2r\x64\release\moc_mysql_pannel.obj
d:\test\mainwindow2r\x64\release\moc_network_pannel.obj
d:\test\mainwindow2r\x64\release\moc_picshow.obj
d:\test\mainwindow2r\x64\release\moc_result_window.obj
d:\test\mainwindow2r\x64\release\moc_search_w.obj
d:\test\mainwindow2r\x64\release\mysql_con.obj
d:\test\mainwindow2r\x64\release\mysql_pannel.obj
d:\test\mainwindow2r\x64\release\network_pannel.obj
d:\test\mainwindow2r\x64\release\picshow.obj
d:\test\mainwindow2r\x64\release\result_window.obj
d:\test\mainwindow2r\x64\release\search_w.obj
d:\test\mainwindow2r\x64\release\mainwindow.tlog\cl.command.1.tlog
d:\test\mainwindow2r\x64\release\mainwindow.tlog\cl.read.1.tlog
d:\test\mainwindow2r\x64\release\mainwindow.tlog\cl.write.1.tlog
d:\test\mainwindow2r\x64\release\mainwindow.tlog\custombuild.command.1.tlog
d:\test\mainwindow2r\x64\release\mainwindow.tlog\custombuild.read.1.tlog
d:\test\mainwindow2r\x64\release\mainwindow.tlog\custombuild.write.1.tlog
d:\test\mainwindow2r\x64\release\mainwindow.tlog\link-cvtres.read.1.tlog
d:\test\mainwindow2r\x64\release\mainwindow.tlog\link-cvtres.write.1.tlog
d:\test\mainwindow2r\x64\release\mainwindow.tlog\link-rc.read.1.tlog
d:\test\mainwindow2r\x64\release\mainwindow.tlog\link-rc.write.1.tlog
d:\test\mainwindow2r\x64\release\mainwindow.tlog\link.command.1.tlog
d:\test\mainwindow2r\x64\release\mainwindow.tlog\link.read.1.tlog
d:\test\mainwindow2r\x64\release\mainwindow.tlog\link.write.1.tlog
