生成启动时间为 2018/5/18 10:42:07。
     1>项目“D:\test\mainwindow2r\mainwindow2r\mainwindow.vcxproj”在节点 2 上(Build 个目标)。
     1>CustomBuild:
         Moc'ing mainwindow.h...
         Generate moc_predefs.h
         Moc'ing InteractObject.h...
         Moc'ing correction.h...
         Moc'ing picshow.h...
         Moc'ing mysql_con.h...
         Moc'ing mysql_pannel.h...
         Moc'ing search_w.h...
         Moc'ing network_pannel.h...
         Moc'ing client.h...
         Moc'ing con2thread.h...
         Moc'ing user_cw.h...
         Moc'ing timepicker.h...
         Moc'ing user_w.h...
         Moc'ing result_window.h...
         Moc'ing search_wizard.h...
         Moc'ing status_w.h...
         Moc'ing settings.h...
       ClCompile:
         C:\Program Files (x86)\Microsoft Visual Studio 14.0\VC\bin\x86_amd64\CL.exe /c /I. /Idebug /IC:\Qt\Qt5.9.2\5.9.2\msvc2015_64\include\QtWebEngineWidgets /IC:\Qt\Qt5.9.2\5.9.2\msvc2015_64\include\QtWebChannel /IC:\Qt\Qt5.9.2\5.9.2\msvc2015_64\include\QtANGLE /IC:\Qt\Qt5.9.2\5.9.2\msvc2015_64\include\QtWidgets /IC:\Qt\Qt5.9.2\5.9.2\msvc2015_64\include\QtCore /IC:\Qt\Qt5.9.2\5.9.2\msvc2015_64\include\QtGui /IC:\Qt\Qt5.9.2\5.9.2\msvc2015_64\include /IC:\Qt\Qt5.9.2\5.9.2\msvc2015_64\lib /I"C:\Program Files\MySQL\MySQL Server 5.7\lib" /IC:\local\boost_1_65_1 /I.\GeneratedFiles /nologo /W3 /WX- /O2 /D _WINDOWS /D UNICODE /D _UNICODE /D WIN32 /D WIN64 /D QT_DEPRECATED_WARNINGS /D QT_NO_DEBUG /D QT_WIDGETS_LIB /D QT_GUI_LIB /D QT_CORE_LIB /D NDEBUG /Gm- /EHsc /MD /GS /fp:precise /Zc:wchar_t /Zc:forScope /Zc:inline /Fo"x64\Release\\" /Fd"x64\Release\vc140.pdb" /Gd /TP /wd4577 /wd4467 /errorReport:prompt -Zc:rvalueCast -Zc:inline -Zc:strictStrings -Zc:throwingNew -w34100 -w34189 -w44996 -w44456 -w44457 -w44458 client.cpp con2thread.cpp correction.cpp GeneratedFiles\Release\moc_client.cpp GeneratedFiles\Release\moc_con2thread.cpp GeneratedFiles\Release\moc_correction.cpp GeneratedFiles\Release\moc_InteractObject.cpp GeneratedFiles\Release\moc_mainwindow.cpp GeneratedFiles\Release\moc_mysql_con.cpp GeneratedFiles\Release\moc_mysql_pannel.cpp GeneratedFiles\Release\moc_network_pannel.cpp GeneratedFiles\Release\moc_picshow.cpp GeneratedFiles\Release\moc_result_window.cpp GeneratedFiles\Release\moc_search_w.cpp GeneratedFiles\Release\moc_search_wizard.cpp GeneratedFiles\Release\moc_settings.cpp GeneratedFiles\Release\moc_status_w.cpp GeneratedFiles\Release\moc_timepicker.cpp GeneratedFiles\Release\moc_user_cw.cpp GeneratedFiles\Release\moc_user_w.cpp InteractObject.cpp main.cpp mainwindow.cpp mysql_con.cpp mysql_pannel.cpp network_pannel.cpp picshow.cpp result_window.cpp search_w.cpp search_wizard.cpp settings.cpp status_w.cpp timepicker.cpp user_cw.cpp user_w.cpp
         client.cpp
         Please define _WIN32_WINNT or _WIN32_WINDOWS appropriately. For example:
         - add -D_WIN32_WINNT=0x0501 to the compiler command line; or
         - add _WIN32_WINNT=0x0501 to your project's Preprocessor Definitions.
         Assuming _WIN32_WINNT=0x0501 (i.e. Windows XP target).
     1>client.cpp(149): warning C4267: “参数”: 从“size_t”转换到“char”，可能丢失数据
     1>client.cpp(286): warning C4100: “ec”: 未引用的形参
     1>client.cpp(289): warning C4100: “t_ec”: 未引用的形参
         con2thread.cpp
         correction.cpp
         moc_client.cpp
         Please define _WIN32_WINNT or _WIN32_WINDOWS appropriately. For example:
         - add -D_WIN32_WINNT=0x0501 to the compiler command line; or
         - add _WIN32_WINNT=0x0501 to your project's Preprocessor Definitions.
         Assuming _WIN32_WINNT=0x0501 (i.e. Windows XP target).
         moc_con2thread.cpp
         moc_correction.cpp
         moc_InteractObject.cpp
         moc_mainwindow.cpp
         moc_mysql_con.cpp
         moc_mysql_pannel.cpp
         moc_network_pannel.cpp
         Please define _WIN32_WINNT or _WIN32_WINDOWS appropriately. For example:
         - add -D_WIN32_WINNT=0x0501 to the compiler command line; or
         - add _WIN32_WINNT=0x0501 to your project's Preprocessor Definitions.
         Assuming _WIN32_WINNT=0x0501 (i.e. Windows XP target).
         moc_picshow.cpp
         moc_result_window.cpp
         moc_search_w.cpp
         moc_search_wizard.cpp
         moc_settings.cpp
         moc_status_w.cpp
         moc_timepicker.cpp
         moc_user_cw.cpp
         moc_user_w.cpp
         正在生成代码...
         正在编译...
         InteractObject.cpp
         main.cpp
         mainwindow.cpp
     1>mainwindow.cpp(459): warning C4100: “url”: 未引用的形参
     1>mainwindow.cpp(605): warning C4100: “text”: 未引用的形参
         mysql_con.cpp
         mysql_pannel.cpp
         network_pannel.cpp
         Please define _WIN32_WINNT or _WIN32_WINDOWS appropriately. For example:
         - add -D_WIN32_WINNT=0x0501 to the compiler command line; or
         - add _WIN32_WINNT=0x0501 to your project's Preprocessor Definitions.
         Assuming _WIN32_WINNT=0x0501 (i.e. Windows XP target).
     1>network_pannel.cpp(126): warning C4100: “text”: 未引用的形参
     1>network_pannel.cpp(264): warning C4100: “rcv_ip”: 未引用的形参
         picshow.cpp
         result_window.cpp
     1>result_window.cpp(122): warning C4100: “i”: 未引用的形参
         search_w.cpp
         search_wizard.cpp
     1>search_wizard.cpp(102): warning C4101: “level4”: 未引用的局部变量
     1>search_wizard.cpp(172): warning C4100: “column”: 未引用的形参
     1>search_wizard.cpp(182): warning C4189: “parent”: 局部变量已初始化但不引用
         settings.cpp
         status_w.cpp
         timepicker.cpp
         user_cw.cpp
         user_w.cpp
         正在生成代码...
       Link:
         C:\Program Files (x86)\Microsoft Visual Studio 14.0\VC\bin\x86_amd64\link.exe /ERRORREPORT:PROMPT /OUT:"release\\mainwindow.exe" /INCREMENTAL:NO /NOLOGO libmysql.lib C:\Qt\Qt5.9.2\5.9.2\msvc2015_64\lib\Qt5WebChanneld.lib Qt5WebEngined.lib Qt5WebEngineWidgetsd.lib C:\Qt\Qt5.9.2\5.9.2\msvc2015_64\lib\qtmaind.lib shell32.lib C:\Qt\Qt5.9.2\5.9.2\msvc2015_64\lib\Qt5Widgetsd.lib C:\Qt\Qt5.9.2\5.9.2\msvc2015_64\lib\Qt5Guid.lib C:\Qt\Qt5.9.2\5.9.2\msvc2015_64\lib\Qt5Cored.lib kernel32.lib user32.lib gdi32.lib winspool.lib comdlg32.lib advapi32.lib shell32.lib ole32.lib oleaut32.lib uuid.lib odbc32.lib odbccp32.lib /MANIFEST /MANIFESTUAC:"level='asInvoker' uiAccess='false'" /manifest:embed /PDB:"release\mainwindow.pdb" /SUBSYSTEM:WINDOWS /TLBID:1 /DYNAMICBASE /NXCOMPAT /MACHINE:X64 "/MANIFESTDEPENDENCY:type='win32' name='Microsoft.Windows.Common-Controls' version='6.0.0.0' publicKeyToken='6595b64144ccf1df' language='*' processorArchitecture='*'" x64\Release\client.obj
         x64\Release\con2thread.obj
         x64\Release\correction.obj
         x64\Release\moc_client.obj
         x64\Release\moc_con2thread.obj
         x64\Release\moc_correction.obj
         x64\Release\moc_InteractObject.obj
         x64\Release\moc_mainwindow.obj
         x64\Release\moc_mysql_con.obj
         x64\Release\moc_mysql_pannel.obj
         x64\Release\moc_network_pannel.obj
         x64\Release\moc_picshow.obj
         x64\Release\moc_result_window.obj
         x64\Release\moc_search_w.obj
         x64\Release\moc_search_wizard.obj
         x64\Release\moc_settings.obj
         x64\Release\moc_status_w.obj
         x64\Release\moc_timepicker.obj
         x64\Release\moc_user_cw.obj
         x64\Release\moc_user_w.obj
         x64\Release\InteractObject.obj
         x64\Release\main.obj
         x64\Release\mainwindow.obj
         x64\Release\mysql_con.obj
         x64\Release\mysql_pannel.obj
         x64\Release\network_pannel.obj
         x64\Release\picshow.obj
         x64\Release\result_window.obj
         x64\Release\search_w.obj
         x64\Release\search_wizard.obj
         x64\Release\settings.obj
         x64\Release\status_w.obj
         x64\Release\timepicker.obj
         x64\Release\user_cw.obj
         x64\Release\user_w.obj
     1>qtmaind.lib(qtmain_win.obj) : error LNK2038: 检测到“_ITERATOR_DEBUG_LEVEL”的不匹配项: 值“2”不匹配值“0”(client.obj 中)
     1>qtmaind.lib(qtmain_win.obj) : error LNK2038: 检测到“RuntimeLibrary”的不匹配项: 值“MDd_DynamicDebug”不匹配值“MD_DynamicRelease”(client.obj 中)
     1>MSVCRT.lib(initializers.obj) : warning LNK4098: 默认库“msvcrtd.lib”与其他库的使用冲突；请使用 /NODEFAULTLIB:library
     1>release\\mainwindow.exe : fatal error LNK1319: 检测到 2 个不匹配项
     1>已完成生成项目“D:\test\mainwindow2r\mainwindow2r\mainwindow.vcxproj”(Build 个目标)的操作 - 失败。

生成失败。

已用时间 00:04:23.10
