d:\test\mainwindow2r\x64\debug\vc140.pdb
d:\test\mainwindow2r\x64\debug\moc_user_w.obj
d:\test\mainwindow2r\x64\debug\moc_user_cw.obj
d:\test\mainwindow2r\x64\debug\moc_timepicker.obj
d:\test\mainwindow2r\x64\debug\moc_status_w.obj
d:\test\mainwindow2r\x64\debug\moc_settings.obj
d:\test\mainwindow2r\x64\debug\moc_search_wizard.obj
d:\test\mainwindow2r\x64\debug\moc_search_w.obj
d:\test\mainwindow2r\x64\debug\moc_result_window.obj
d:\test\mainwindow2r\x64\debug\moc_picshow.obj
d:\test\mainwindow2r\x64\debug\moc_network_pannel.obj
d:\test\mainwindow2r\x64\debug\moc_mysql_pannel.obj
d:\test\mainwindow2r\x64\debug\moc_mysql_con.obj
d:\test\mainwindow2r\x64\debug\moc_mainwindow.obj
d:\test\mainwindow2r\x64\debug\moc_interactobject.obj
d:\test\mainwindow2r\x64\debug\moc_correction.obj
d:\test\mainwindow2r\x64\debug\moc_con2thread.obj
d:\test\mainwindow2r\x64\debug\moc_client.obj
d:\test\mainwindow2r\x64\debug\correction.obj
d:\test\mainwindow2r\x64\debug\con2thread.obj
d:\test\mainwindow2r\x64\debug\client.obj
d:\test\mainwindow2r\x64\debug\user_w.obj
d:\test\mainwindow2r\x64\debug\user_cw.obj
d:\test\mainwindow2r\x64\debug\timepicker.obj
d:\test\mainwindow2r\x64\debug\status_w.obj
d:\test\mainwindow2r\x64\debug\settings.obj
d:\test\mainwindow2r\x64\debug\search_wizard.obj
d:\test\mainwindow2r\x64\debug\search_w.obj
d:\test\mainwindow2r\x64\debug\result_window.obj
d:\test\mainwindow2r\x64\debug\picshow.obj
d:\test\mainwindow2r\x64\debug\network_pannel.obj
d:\test\mainwindow2r\x64\debug\mysql_pannel.obj
d:\test\mainwindow2r\x64\debug\mysql_con.obj
d:\test\mainwindow2r\x64\debug\mainwindow.obj
d:\test\mainwindow2r\x64\debug\main.obj
d:\test\mainwindow2r\x64\debug\interactobject.obj
d:\test\mainwindow2r\generatedfiles\debug\moc_mainwindow.cpp
d:\test\mainwindow2r\generatedfiles\debug\moc_interactobject.cpp
d:\test\mainwindow2r\generatedfiles\debug\moc_correction.cpp
d:\test\mainwindow2r\generatedfiles\debug\moc_picshow.cpp
d:\test\mainwindow2r\generatedfiles\debug\moc_mysql_con.cpp
d:\test\mainwindow2r\generatedfiles\debug\moc_mysql_pannel.cpp
d:\test\mainwindow2r\generatedfiles\debug\moc_search_w.cpp
d:\test\mainwindow2r\generatedfiles\debug\moc_network_pannel.cpp
d:\test\mainwindow2r\generatedfiles\debug\moc_client.cpp
d:\test\mainwindow2r\generatedfiles\debug\moc_con2thread.cpp
d:\test\mainwindow2r\generatedfiles\debug\moc_user_cw.cpp
d:\test\mainwindow2r\generatedfiles\debug\moc_timepicker.cpp
d:\test\mainwindow2r\generatedfiles\debug\moc_user_w.cpp
d:\test\mainwindow2r\generatedfiles\debug\moc_result_window.cpp
d:\test\mainwindow2r\generatedfiles\debug\moc_search_wizard.cpp
d:\test\mainwindow2r\generatedfiles\debug\moc_status_w.cpp
d:\test\mainwindow2r\generatedfiles\debug\moc_settings.cpp
d:\test\mainwindow2r\debug\moc_predefs.h
d:\test\mainwindow2r\debug\mainwindow.ilk
d:\test\mainwindow2r\debug\mainwindow.exe
d:\test\mainwindow2r\debug\mainwindow.pdb
d:\test\mainwindow2r\x64\debug\mainwindow.tlog\cl.command.1.tlog
d:\test\mainwindow2r\x64\debug\mainwindow.tlog\cl.read.1.tlog
d:\test\mainwindow2r\x64\debug\mainwindow.tlog\cl.write.1.tlog
d:\test\mainwindow2r\x64\debug\mainwindow.tlog\custombuild.command.1.tlog
d:\test\mainwindow2r\x64\debug\mainwindow.tlog\custombuild.read.1.tlog
d:\test\mainwindow2r\x64\debug\mainwindow.tlog\custombuild.write.1.tlog
d:\test\mainwindow2r\x64\debug\mainwindow.tlog\link.command.1.tlog
d:\test\mainwindow2r\x64\debug\mainwindow.tlog\link.read.1.tlog
d:\test\mainwindow2r\x64\debug\mainwindow.tlog\link.write.1.tlog
